[ERROR] 2021-07-22 13:13:43,470(0) --> [0x7ffff7fa5bc0] /home/lishuwei/easy_log/easy_log/src/LoggerWarp.cpp(42):  /home/lishuwei/easy_log/easy_log/app/test.cpp 7 main lsw  
[ERROR] 2021-07-22 13:13:53,652(0) --> [0x7f6c8bbf9bc0] /home/lishuwei/easy_log/easy_log/src/LoggerWarp.cpp(42):  /home/lishuwei/easy_log/easy_log/app/test.cpp 7 main lsw  
[ERROR] 2021-07-22 13:17:22,923(0)[ERROR] 2021-07-22 13:18:01,547(0)  /home/lishuwei/easy_log/easy_log/app/test.cpp 7 main lsw  
[ERROR] 2021-07-22 13:20:05,606(0)  [/home/lishuwei/easy_log/easy_log/app/test.cpp][main][7]:[lsw]  
[ERROR] 2021-07-22 13:20:38,136(0)  [/home/lishuwei/easy_log/easy_log/app/test.cpp][main][7]:lsw  
[ERROR] 2021-07-22 13:23:30,436(0)  [/home/lishuwei/easy_log/easy_log/app/test.cpp][main][9]:lsw  
[ERROR] 2021-07-22 13:23:32,436(2000)  [/home/lishuwei/easy_log/easy_log/app/test.cpp][main][9]:lsw  
[ERROR] 2021-07-22 13:23:34,437(4001)  [/home/lishuwei/easy_log/easy_log/app/test.cpp][main][9]:lsw  
[ERROR] 2021-07-22 13:23:36,438(6002)  [/home/lishuwei/easy_log/easy_log/app/test.cpp][main][9]:lsw  
[ERROR] 2021-07-22 13:23:38,438(8002)  [/home/lishuwei/easy_log/easy_log/app/test.cpp][main][9]:lsw  
[ERROR] 2021-07-22 13:23:40,438(10002)  [/home/lishuwei/easy_log/easy_log/app/test.cpp][main][9]:lsw  
[ERROR] 2021-07-22 13:23:42,438(12002)  [/home/lishuwei/easy_log/easy_log/app/test.cpp][main][9]:lsw  
[ERROR] 2021-07-22 13:23:44,439(14003)  [/home/lishuwei/easy_log/easy_log/app/test.cpp][main][9]:lsw  
[ERROR] 2021-07-22 13:23:46,440(16004)  [/home/lishuwei/easy_log/easy_log/app/test.cpp][main][9]:lsw  
[ERROR] 2021-07-22 13:23:48,440(18004)  [/home/lishuwei/easy_log/easy_log/app/test.cpp][main][9]:lsw  
[ERROR] 2021-07-22 13:23:50,441(20005)  [/home/lishuwei/easy_log/easy_log/app/test.cpp][main][9]:lsw  
[ERROR] 2021-07-22 13:25:25,781(0)  [/home/lishuwei/easy_log/easy_log/app/test.cpp][main][9]:lsw  
[INFO ] 2021-07-22 13:25:25,781(0)  [/home/lishuwei/easy_log/easy_log/app/test.cpp][main][10]:HAHHAHFHAH  
[ERROR] 2021-07-22 13:25:27,782(2000)  [/home/lishuwei/easy_log/easy_log/app/test.cpp][main][9]:lsw  
[INFO ] 2021-07-22 13:25:27,782(2000)  [/home/lishuwei/easy_log/easy_log/app/test.cpp][main][10]:HAHHAHFHAH  
[ERROR] 2021-07-22 13:25:29,782(4001)  [/home/lishuwei/easy_log/easy_log/app/test.cpp][main][9]:lsw  
[INFO ] 2021-07-22 13:25:29,782(4001)  [/home/lishuwei/easy_log/easy_log/app/test.cpp][main][10]:HAHHAHFHAH  
[ERROR] 2021-07-22 13:25:31,782(6001)  [/home/lishuwei/easy_log/easy_log/app/test.cpp][main][9]:lsw  
[INFO ] 2021-07-22 13:25:31,782(6001)  [/home/lishuwei/easy_log/easy_log/app/test.cpp][main][10]:HAHHAHFHAH  
[ERROR] 2021-07-22 13:25:33,783(8002)  [/home/lishuwei/easy_log/easy_log/app/test.cpp][main][9]:lsw  
[INFO ] 2021-07-22 13:25:33,783(8002)  [/home/lishuwei/easy_log/easy_log/app/test.cpp][main][10]:HAHHAHFHAH  
[ERROR] 2021-07-22 13:25:35,783(10002)  [/home/lishuwei/easy_log/easy_log/app/test.cpp][main][9]:lsw  
[INFO ] 2021-07-22 13:25:35,784(10002)  [/home/lishuwei/easy_log/easy_log/app/test.cpp][main][10]:HAHHAHFHAH  
[ERROR] 2021-07-22 13:25:37,784(12002)  [/home/lishuwei/easy_log/easy_log/app/test.cpp][main][9]:lsw  
[INFO ] 2021-07-22 13:25:37,784(12002)  [/home/lishuwei/easy_log/easy_log/app/test.cpp][main][10]:HAHHAHFHAH  
[ERROR] 2021-07-22 13:25:39,784(14003)  [/home/lishuwei/easy_log/easy_log/app/test.cpp][main][9]:lsw  
[INFO ] 2021-07-22 13:25:39,784(14003)  [/home/lishuwei/easy_log/easy_log/app/test.cpp][main][10]:HAHHAHFHAH  
[ERROR] 2021-07-22 13:25:41,785(16003)  [/home/lishuwei/easy_log/easy_log/app/test.cpp][main][9]:lsw  
[INFO ] 2021-07-22 13:25:41,785(16003)  [/home/lishuwei/easy_log/easy_log/app/test.cpp][main][10]:HAHHAHFHAH  
[ERROR] 2021-07-22 13:25:43,785(18004)  [/home/lishuwei/easy_log/easy_log/app/test.cpp][main][9]:lsw  
[INFO ] 2021-07-22 13:25:43,785(18004)  [/home/lishuwei/easy_log/easy_log/app/test.cpp][main][10]:HAHHAHFHAH  
[ERROR] 2021-07-22 13:25:45,785(20004)  [/home/lishuwei/easy_log/easy_log/app/test.cpp][main][9]:lsw  
[INFO ] 2021-07-22 13:25:45,785(20004)  [/home/lishuwei/easy_log/easy_log/app/test.cpp][main][10]:HAHHAHFHAH  
[ERROR] 2021-07-22 13:25:47,786(22004)  [/home/lishuwei/easy_log/easy_log/app/test.cpp][main][9]:lsw  
[INFO ] 2021-07-22 13:25:47,786(22005)  [/home/lishuwei/easy_log/easy_log/app/test.cpp][main][10]:HAHHAHFHAH  
[ERROR] 2021-07-22 13:25:49,786(24005)  [/home/lishuwei/easy_log/easy_log/app/test.cpp][main][9]:lsw  
[INFO ] 2021-07-22 13:25:49,786(24005)  [/home/lishuwei/easy_log/easy_log/app/test.cpp][main][10]:HAHHAHFHAH  
[ERROR] 2021-07-22 13:25:51,787(26005)  [/home/lishuwei/easy_log/easy_log/app/test.cpp][main][9]:lsw  
[INFO ] 2021-07-22 13:25:51,787(26005)  [/home/lishuwei/easy_log/easy_log/app/test.cpp][main][10]:HAHHAHFHAH  
[ERROR] 2021-07-22 13:25:53,787(28005)  [/home/lishuwei/easy_log/easy_log/app/test.cpp][main][9]:lsw  
[INFO ] 2021-07-22 13:25:53,787(28006)  [/home/lishuwei/easy_log/easy_log/app/test.cpp][main][10]:HAHHAHFHAH  
[ERROR] 2021-07-22 13:25:55,787(30006)  [/home/lishuwei/easy_log/easy_log/app/test.cpp][main][9]:lsw  
[INFO ] 2021-07-22 13:25:55,787(30006)  [/home/lishuwei/easy_log/easy_log/app/test.cpp][main][10]:HAHHAHFHAH  
[ERROR] 2021-07-22 13:25:57,788(32006)  [/home/lishuwei/easy_log/easy_log/app/test.cpp][main][9]:lsw  
[INFO ] 2021-07-22 13:25:57,788(32006)  [/home/lishuwei/easy_log/easy_log/app/test.cpp][main][10]:HAHHAHFHAH  
[ERROR] 2021-07-22 13:25:59,788(34007)  [/home/lishuwei/easy_log/easy_log/app/test.cpp][main][9]:lsw  
[INFO ] 2021-07-22 13:25:59,788(34007)  [/home/lishuwei/easy_log/easy_log/app/test.cpp][main][10]:HAHHAHFHAH  
[ERROR] 2021-07-22 13:26:01,788(36007)  [/home/lishuwei/easy_log/easy_log/app/test.cpp][main][9]:lsw  
[INFO ] 2021-07-22 13:26:01,789(36007)  [/home/lishuwei/easy_log/easy_log/app/test.cpp][main][10]:HAHHAHFHAH  
[ERROR] 2021-07-22 13:26:03,789(38008)  [/home/lishuwei/easy_log/easy_log/app/test.cpp][main][9]:lsw  
[INFO ] 2021-07-22 13:26:03,789(38008)  [/home/lishuwei/easy_log/easy_log/app/test.cpp][main][10]:HAHHAHFHAH  
[ERROR] 2021-07-22 13:26:05,790(40009)  [/home/lishuwei/easy_log/easy_log/app/test.cpp][main][9]:lsw  
[INFO ] 2021-07-22 13:26:05,790(40009)  [/home/lishuwei/easy_log/easy_log/app/test.cpp][main][10]:HAHHAHFHAH  
[ERROR] 2021-07-22 13:26:07,790(42009)  [/home/lishuwei/easy_log/easy_log/app/test.cpp][main][9]:lsw  
[INFO ] 2021-07-22 13:26:07,790(42009)  [/home/lishuwei/easy_log/easy_log/app/test.cpp][main][10]:HAHHAHFHAH  
[ERROR] 2021-07-22 13:26:09,790(44009)  [/home/lishuwei/easy_log/easy_log/app/test.cpp][main][9]:lsw  
[INFO ] 2021-07-22 13:26:09,791(44009)  [/home/lishuwei/easy_log/easy_log/app/test.cpp][main][10]:HAHHAHFHAH  
[ERROR] 2021-07-22 13:26:11,791(46009)  [/home/lishuwei/easy_log/easy_log/app/test.cpp][main][9]:lsw  
[INFO ] 2021-07-22 13:26:11,791(46009)  [/home/lishuwei/easy_log/easy_log/app/test.cpp][main][10]:HAHHAHFHAH  
[ERROR] 2021-07-22 13:26:13,791(48010)  [/home/lishuwei/easy_log/easy_log/app/test.cpp][main][9]:lsw  
[INFO ] 2021-07-22 13:26:13,791(48010)  [/home/lishuwei/easy_log/easy_log/app/test.cpp][main][10]:HAHHAHFHAH  
[ERROR] 2021-07-22 13:26:15,791(50010)  [/home/lishuwei/easy_log/easy_log/app/test.cpp][main][9]:lsw  
[INFO ] 2021-07-22 13:26:15,791(50010)  [/home/lishuwei/easy_log/easy_log/app/test.cpp][main][10]:HAHHAHFHAH  
[ERROR] 2021-07-22 13:26:17,792(52011)  [/home/lishuwei/easy_log/easy_log/app/test.cpp][main][9]:lsw  
[INFO ] 2021-07-22 13:26:17,792(52011)  [/home/lishuwei/easy_log/easy_log/app/test.cpp][main][10]:HAHHAHFHAH  
[ERROR] 2021-07-22 13:26:19,793(54012)  [/home/lishuwei/easy_log/easy_log/app/test.cpp][main][9]:lsw  
[INFO ] 2021-07-22 13:26:19,793(54012)  [/home/lishuwei/easy_log/easy_log/app/test.cpp][main][10]:HAHHAHFHAH  
[ERROR] 2021-07-22 13:26:21,794(56012)  [/home/lishuwei/easy_log/easy_log/app/test.cpp][main][9]:lsw  
[INFO ] 2021-07-22 13:26:21,794(56012)  [/home/lishuwei/easy_log/easy_log/app/test.cpp][main][10]:HAHHAHFHAH  
[ERROR] 2021-07-22 13:26:23,794(58013)  [/home/lishuwei/easy_log/easy_log/app/test.cpp][main][9]:lsw  
[INFO ] 2021-07-22 13:26:23,795(58013)  [/home/lishuwei/easy_log/easy_log/app/test.cpp][main][10]:HAHHAHFHAH  
[ERROR] 2021-07-22 13:26:25,795(60013)  [/home/lishuwei/easy_log/easy_log/app/test.cpp][main][9]:lsw  
[INFO ] 2021-07-22 13:26:25,795(60014)  [/home/lishuwei/easy_log/easy_log/app/test.cpp][main][10]:HAHHAHFHAH  
[ERROR] 2021-07-22 13:26:27,795(62014)  [/home/lishuwei/easy_log/easy_log/app/test.cpp][main][9]:lsw  
[INFO ] 2021-07-22 13:26:27,796(62014)  [/home/lishuwei/easy_log/easy_log/app/test.cpp][main][10]:HAHHAHFHAH  
[ERROR] 2021-07-22 13:26:29,796(64014)  [/home/lishuwei/easy_log/easy_log/app/test.cpp][main][9]:lsw  
[INFO ] 2021-07-22 13:26:29,796(64014)  [/home/lishuwei/easy_log/easy_log/app/test.cpp][main][10]:HAHHAHFHAH  
[ERROR] 2021-07-22 13:26:31,796(66015)  [/home/lishuwei/easy_log/easy_log/app/test.cpp][main][9]:lsw  
[INFO ] 2021-07-22 13:26:31,797(66015)  [/home/lishuwei/easy_log/easy_log/app/test.cpp][main][10]:HAHHAHFHAH  
[ERROR] 2021-07-22 13:26:33,797(68016)  [/home/lishuwei/easy_log/easy_log/app/test.cpp][main][9]:lsw  
[INFO ] 2021-07-22 13:26:33,797(68016)  [/home/lishuwei/easy_log/easy_log/app/test.cpp][main][10]:HAHHAHFHAH  
[ERROR] 2021-07-22 13:26:35,797(70016)  [/home/lishuwei/easy_log/easy_log/app/test.cpp][main][9]:lsw  
[INFO ] 2021-07-22 13:26:35,798(70016)  [/home/lishuwei/easy_log/easy_log/app/test.cpp][main][10]:HAHHAHFHAH  
[ERROR] 2021-07-22 13:26:37,798(72016)  [/home/lishuwei/easy_log/easy_log/app/test.cpp][main][9]:lsw  
[INFO ] 2021-07-22 13:26:37,798(72016)  [/home/lishuwei/easy_log/easy_log/app/test.cpp][main][10]:HAHHAHFHAH  
[ERROR] 2021-07-22 13:26:39,798(74017)  [/home/lishuwei/easy_log/easy_log/app/test.cpp][main][9]:lsw  
[INFO ] 2021-07-22 13:26:39,798(74017)  [/home/lishuwei/easy_log/easy_log/app/test.cpp][main][10]:HAHHAHFHAH  
[ERROR] 2021-07-22 13:26:41,798(76017)  [/home/lishuwei/easy_log/easy_log/app/test.cpp][main][9]:lsw  
[INFO ] 2021-07-22 13:26:41,799(76017)  [/home/lishuwei/easy_log/easy_log/app/test.cpp][main][10]:HAHHAHFHAH  
[ERROR] 2021-07-22 13:26:43,799(78018)  [/home/lishuwei/easy_log/easy_log/app/test.cpp][main][9]:lsw  
[INFO ] 2021-07-22 13:26:43,799(78018)  [/home/lishuwei/easy_log/easy_log/app/test.cpp][main][10]:HAHHAHFHAH  
[ERROR] 2021-07-22 13:26:45,799(80018)  [/home/lishuwei/easy_log/easy_log/app/test.cpp][main][9]:lsw  
[INFO ] 2021-07-22 13:26:45,799(80018)  [/home/lishuwei/easy_log/easy_log/app/test.cpp][main][10]:HAHHAHFHAH  
[ERROR] 2021-07-22 13:26:47,800(82019)  [/home/lishuwei/easy_log/easy_log/app/test.cpp][main][9]:lsw  
[INFO ] 2021-07-22 13:26:47,800(82019)  [/home/lishuwei/easy_log/easy_log/app/test.cpp][main][10]:HAHHAHFHAH  
[ERROR] 2021-07-22 13:26:49,800(84019)  [/home/lishuwei/easy_log/easy_log/app/test.cpp][main][9]:lsw  
[INFO ] 2021-07-22 13:26:49,801(84019)  [/home/lishuwei/easy_log/easy_log/app/test.cpp][main][10]:HAHHAHFHAH  
[ERROR] 2021-07-22 13:26:51,801(86020)  [/home/lishuwei/easy_log/easy_log/app/test.cpp][main][9]:lsw  
[INFO ] 2021-07-22 13:26:51,801(86020)  [/home/lishuwei/easy_log/easy_log/app/test.cpp][main][10]:HAHHAHFHAH  
[ERROR] 2021-07-22 13:26:53,802(88021)  [/home/lishuwei/easy_log/easy_log/app/test.cpp][main][9]:lsw  
[INFO ] 2021-07-22 13:26:53,802(88021)  [/home/lishuwei/easy_log/easy_log/app/test.cpp][main][10]:HAHHAHFHAH  
[ERROR] 2021-07-22 13:26:55,802(90021)  [/home/lishuwei/easy_log/easy_log/app/test.cpp][main][9]:lsw  
[INFO ] 2021-07-22 13:26:55,802(90021)  [/home/lishuwei/easy_log/easy_log/app/test.cpp][main][10]:HAHHAHFHAH  
[ERROR] 2021-07-22 13:26:57,803(92021)  [/home/lishuwei/easy_log/easy_log/app/test.cpp][main][9]:lsw  
[INFO ] 2021-07-22 13:26:57,803(92021)  [/home/lishuwei/easy_log/easy_log/app/test.cpp][main][10]:HAHHAHFHAH  
[ERROR] 2021-07-22 13:26:59,803(94022)  [/home/lishuwei/easy_log/easy_log/app/test.cpp][main][9]:lsw  
[INFO ] 2021-07-22 13:26:59,803(94022)  [/home/lishuwei/easy_log/easy_log/app/test.cpp][main][10]:HAHHAHFHAH  
[ERROR] 2021-07-22 13:27:01,803(96022)  [/home/lishuwei/easy_log/easy_log/app/test.cpp][main][9]:lsw  
[INFO ] 2021-07-22 13:27:01,803(96022)  [/home/lishuwei/easy_log/easy_log/app/test.cpp][main][10]:HAHHAHFHAH  
[ERROR] 2021-07-22 13:27:03,804(98023)  [/home/lishuwei/easy_log/easy_log/app/test.cpp][main][9]:lsw  
[INFO ] 2021-07-22 13:27:03,804(98023)  [/home/lishuwei/easy_log/easy_log/app/test.cpp][main][10]:HAHHAHFHAH  
[ERROR] 2021-07-22 13:27:05,804(100023)  [/home/lishuwei/easy_log/easy_log/app/test.cpp][main][9]:lsw  
[INFO ] 2021-07-22 13:27:05,804(100023)  [/home/lishuwei/easy_log/easy_log/app/test.cpp][main][10]:HAHHAHFHAH  
[ERROR] 2021-07-22 13:27:07,805(102024)  [/home/lishuwei/easy_log/easy_log/app/test.cpp][main][9]:lsw  
[INFO ] 2021-07-22 13:27:07,805(102024)  [/home/lishuwei/easy_log/easy_log/app/test.cpp][main][10]:HAHHAHFHAH  
[ERROR] 2021-07-22 13:27:09,806(104024)  [/home/lishuwei/easy_log/easy_log/app/test.cpp][main][9]:lsw  
[INFO ] 2021-07-22 13:27:09,806(104025)  [/home/lishuwei/easy_log/easy_log/app/test.cpp][main][10]:HAHHAHFHAH  
[ERROR] 2021-07-22 13:27:11,807(106025)  [/home/lishuwei/easy_log/easy_log/app/test.cpp][main][9]:lsw  
[INFO ] 2021-07-22 13:27:11,807(106025)  [/home/lishuwei/easy_log/easy_log/app/test.cpp][main][10]:HAHHAHFHAH  
[ERROR] 2021-07-22 13:27:13,807(108026)  [/home/lishuwei/easy_log/easy_log/app/test.cpp][main][9]:lsw  
[INFO ] 2021-07-22 13:27:13,807(108026)  [/home/lishuwei/easy_log/easy_log/app/test.cpp][main][10]:HAHHAHFHAH  
[ERROR] 2021-07-22 13:27:15,808(110027)  [/home/lishuwei/easy_log/easy_log/app/test.cpp][main][9]:lsw  
[INFO ] 2021-07-22 13:27:15,808(110027)  [/home/lishuwei/easy_log/easy_log/app/test.cpp][main][10]:HAHHAHFHAH  
[ERROR] 2021-07-22 13:27:17,809(112027)  [/home/lishuwei/easy_log/easy_log/app/test.cpp][main][9]:lsw  
[INFO ] 2021-07-22 13:27:17,809(112027)  [/home/lishuwei/easy_log/easy_log/app/test.cpp][main][10]:HAHHAHFHAH  
[ERROR] 2021-07-22 13:27:19,809(114028)  [/home/lishuwei/easy_log/easy_log/app/test.cpp][main][9]:lsw  
[INFO ] 2021-07-22 13:27:19,810(114028)  [/home/lishuwei/easy_log/easy_log/app/test.cpp][main][10]:HAHHAHFHAH  
[ERROR] 2021-07-22 13:27:21,810(116028)  [/home/lishuwei/easy_log/easy_log/app/test.cpp][main][9]:lsw  
[INFO ] 2021-07-22 13:27:21,810(116029)  [/home/lishuwei/easy_log/easy_log/app/test.cpp][main][10]:HAHHAHFHAH  
[ERROR] 2021-07-22 13:27:23,810(118029)  [/home/lishuwei/easy_log/easy_log/app/test.cpp][main][9]:lsw  
[INFO ] 2021-07-22 13:27:23,810(118029)  [/home/lishuwei/easy_log/easy_log/app/test.cpp][main][10]:HAHHAHFHAH  
[ERROR] 2021-07-22 13:27:25,811(120029)  [/home/lishuwei/easy_log/easy_log/app/test.cpp][main][9]:lsw  
[INFO ] 2021-07-22 13:27:25,811(120029)  [/home/lishuwei/easy_log/easy_log/app/test.cpp][main][10]:HAHHAHFHAH  
[ERROR] 2021-07-22 13:27:27,811(122030)  [/home/lishuwei/easy_log/easy_log/app/test.cpp][main][9]:lsw  
[INFO ] 2021-07-22 13:27:27,811(122030)  [/home/lishuwei/easy_log/easy_log/app/test.cpp][main][10]:HAHHAHFHAH  
[ERROR] 2021-07-22 13:27:29,812(124030)  [/home/lishuwei/easy_log/easy_log/app/test.cpp][main][9]:lsw  
[INFO ] 2021-07-22 13:27:29,812(124030)  [/home/lishuwei/easy_log/easy_log/app/test.cpp][main][10]:HAHHAHFHAH  
[ERROR] 2021-07-22 13:27:31,812(126031)  [/home/lishuwei/easy_log/easy_log/app/test.cpp][main][9]:lsw  
[INFO ] 2021-07-22 13:27:31,812(126031)  [/home/lishuwei/easy_log/easy_log/app/test.cpp][main][10]:HAHHAHFHAH  
[ERROR] 2021-07-22 13:27:33,812(128031)  [/home/lishuwei/easy_log/easy_log/app/test.cpp][main][9]:lsw  
[INFO ] 2021-07-22 13:27:33,813(128031)  [/home/lishuwei/easy_log/easy_log/app/test.cpp][main][10]:HAHHAHFHAH  
[ERROR] 2021-07-22 13:27:35,813(130032)  [/home/lishuwei/easy_log/easy_log/app/test.cpp][main][9]:lsw  
[INFO ] 2021-07-22 13:27:35,813(130032)  [/home/lishuwei/easy_log/easy_log/app/test.cpp][main][10]:HAHHAHFHAH  
[ERROR] 2021-07-22 13:27:37,814(132033)  [/home/lishuwei/easy_log/easy_log/app/test.cpp][main][9]:lsw  
[INFO ] 2021-07-22 13:27:37,814(132033)  [/home/lishuwei/easy_log/easy_log/app/test.cpp][main][10]:HAHHAHFHAH  
[ERROR] 2021-07-22 13:27:39,814(134033)  [/home/lishuwei/easy_log/easy_log/app/test.cpp][main][9]:lsw  
[INFO ] 2021-07-22 13:27:39,815(134033)  [/home/lishuwei/easy_log/easy_log/app/test.cpp][main][10]:HAHHAHFHAH  
[ERROR] 2021-07-22 13:27:41,815(136033)  [/home/lishuwei/easy_log/easy_log/app/test.cpp][main][9]:lsw  
[INFO ] 2021-07-22 13:27:41,815(136034)  [/home/lishuwei/easy_log/easy_log/app/test.cpp][main][10]:HAHHAHFHAH  
[ERROR] 2021-07-22 13:27:43,815(138034)  [/home/lishuwei/easy_log/easy_log/app/test.cpp][main][9]:lsw  
[INFO ] 2021-07-22 13:27:43,815(138034)  [/home/lishuwei/easy_log/easy_log/app/test.cpp][main][10]:HAHHAHFHAH  
[ERROR] 2021-07-22 13:27:45,816(140034)  [/home/lishuwei/easy_log/easy_log/app/test.cpp][main][9]:lsw  
[INFO ] 2021-07-22 13:27:45,816(140035)  [/home/lishuwei/easy_log/easy_log/app/test.cpp][main][10]:HAHHAHFHAH  
[ERROR] 2021-07-22 13:27:47,816(142035)  [/home/lishuwei/easy_log/easy_log/app/test.cpp][main][9]:lsw  
[INFO ] 2021-07-22 13:27:47,816(142035)  [/home/lishuwei/easy_log/easy_log/app/test.cpp][main][10]:HAHHAHFHAH  
[ERROR] 2021-07-22 13:27:49,816(144035)  [/home/lishuwei/easy_log/easy_log/app/test.cpp][main][9]:lsw  
[INFO ] 2021-07-22 13:27:49,817(144035)  [/home/lishuwei/easy_log/easy_log/app/test.cpp][main][10]:HAHHAHFHAH  
[ERROR] 2021-07-22 13:27:51,817(146036)  [/home/lishuwei/easy_log/easy_log/app/test.cpp][main][9]:lsw  
[INFO ] 2021-07-22 13:27:51,817(146036)  [/home/lishuwei/easy_log/easy_log/app/test.cpp][main][10]:HAHHAHFHAH  
[ERROR] 2021-07-22 13:27:53,818(148036)  [/home/lishuwei/easy_log/easy_log/app/test.cpp][main][9]:lsw  
[INFO ] 2021-07-22 13:27:53,818(148037)  [/home/lishuwei/easy_log/easy_log/app/test.cpp][main][10]:HAHHAHFHAH  
[ERROR] 2021-07-22 13:27:55,818(150037)  [/home/lishuwei/easy_log/easy_log/app/test.cpp][main][9]:lsw  
[INFO ] 2021-07-22 13:27:55,818(150037)  [/home/lishuwei/easy_log/easy_log/app/test.cpp][main][10]:HAHHAHFHAH  
[ERROR] 2021-07-22 13:27:57,819(152038)  [/home/lishuwei/easy_log/easy_log/app/test.cpp][main][9]:lsw  
[INFO ] 2021-07-22 13:27:57,819(152038)  [/home/lishuwei/easy_log/easy_log/app/test.cpp][main][10]:HAHHAHFHAH  
[ERROR] 2021-07-22 13:27:59,820(154038)  [/home/lishuwei/easy_log/easy_log/app/test.cpp][main][9]:lsw  
[INFO ] 2021-07-22 13:27:59,820(154038)  [/home/lishuwei/easy_log/easy_log/app/test.cpp][main][10]:HAHHAHFHAH  
[ERROR] 2021-07-22 13:28:01,820(156039)  [/home/lishuwei/easy_log/easy_log/app/test.cpp][main][9]:lsw  
[INFO ] 2021-07-22 13:28:01,820(156039)  [/home/lishuwei/easy_log/easy_log/app/test.cpp][main][10]:HAHHAHFHAH  
[ERROR] 2021-07-22 13:28:03,821(158039)  [/home/lishuwei/easy_log/easy_log/app/test.cpp][main][9]:lsw  
[INFO ] 2021-07-22 13:28:03,821(158039)  [/home/lishuwei/easy_log/easy_log/app/test.cpp][main][10]:HAHHAHFHAH  
[ERROR] 2021-07-22 13:28:05,821(160040)  [/home/lishuwei/easy_log/easy_log/app/test.cpp][main][9]:lsw  
[INFO ] 2021-07-22 13:28:05,821(160040)  [/home/lishuwei/easy_log/easy_log/app/test.cpp][main][10]:HAHHAHFHAH  
[ERROR] 2021-07-22 13:28:07,822(162040)  [/home/lishuwei/easy_log/easy_log/app/test.cpp][main][9]:lsw  
[INFO ] 2021-07-22 13:28:07,822(162040)  [/home/lishuwei/easy_log/easy_log/app/test.cpp][main][10]:HAHHAHFHAH  
[ERROR] 2021-07-22 13:28:09,822(164041)  [/home/lishuwei/easy_log/easy_log/app/test.cpp][main][9]:lsw  
[INFO ] 2021-07-22 13:28:09,823(164041)  [/home/lishuwei/easy_log/easy_log/app/test.cpp][main][10]:HAHHAHFHAH  
[ERROR] 2021-07-22 13:28:11,823(166041)  [/home/lishuwei/easy_log/easy_log/app/test.cpp][main][9]:lsw  
[INFO ] 2021-07-22 13:28:11,823(166042)  [/home/lishuwei/easy_log/easy_log/app/test.cpp][main][10]:HAHHAHFHAH  
[ERROR] 2021-07-22 13:28:13,823(168042)  [/home/lishuwei/easy_log/easy_log/app/test.cpp][main][9]:lsw  
[INFO ] 2021-07-22 13:28:13,823(168042)  [/home/lishuwei/easy_log/easy_log/app/test.cpp][main][10]:HAHHAHFHAH  
[ERROR] 2021-07-22 13:28:15,823(170042)  [/home/lishuwei/easy_log/easy_log/app/test.cpp][main][9]:lsw  
[INFO ] 2021-07-22 13:28:15,823(170042)  [/home/lishuwei/easy_log/easy_log/app/test.cpp][main][10]:HAHHAHFHAH  
[ERROR] 2021-07-22 13:28:17,824(172043)  [/home/lishuwei/easy_log/easy_log/app/test.cpp][main][9]:lsw  
[INFO ] 2021-07-22 13:28:17,824(172043)  [/home/lishuwei/easy_log/easy_log/app/test.cpp][main][10]:HAHHAHFHAH  
[ERROR] 2021-07-22 13:28:19,824(174043)  [/home/lishuwei/easy_log/easy_log/app/test.cpp][main][9]:lsw  
[INFO ] 2021-07-22 13:28:19,824(174043)  [/home/lishuwei/easy_log/easy_log/app/test.cpp][main][10]:HAHHAHFHAH  
[ERROR] 2021-07-22 13:28:21,825(176044)  [/home/lishuwei/easy_log/easy_log/app/test.cpp][main][9]:lsw  
[INFO ] 2021-07-22 13:28:21,825(176044)  [/home/lishuwei/easy_log/easy_log/app/test.cpp][main][10]:HAHHAHFHAH  
[ERROR] 2021-07-22 13:28:23,825(178044)  [/home/lishuwei/easy_log/easy_log/app/test.cpp][main][9]:lsw  
[INFO ] 2021-07-22 13:28:23,825(178044)  [/home/lishuwei/easy_log/easy_log/app/test.cpp][main][10]:HAHHAHFHAH  
[ERROR] 2021-07-22 13:28:25,826(180044)  [/home/lishuwei/easy_log/easy_log/app/test.cpp][main][9]:lsw  
[INFO ] 2021-07-22 13:28:25,826(180044)  [/home/lishuwei/easy_log/easy_log/app/test.cpp][main][10]:HAHHAHFHAH  
[ERROR] 2021-07-22 13:28:27,826(182044)  [/home/lishuwei/easy_log/easy_log/app/test.cpp][main][9]:lsw  
[INFO ] 2021-07-22 13:28:27,826(182045)  [/home/lishuwei/easy_log/easy_log/app/test.cpp][main][10]:HAHHAHFHAH  
[ERROR] 2021-07-22 13:28:29,826(184045)  [/home/lishuwei/easy_log/easy_log/app/test.cpp][main][9]:lsw  
[INFO ] 2021-07-22 13:28:29,826(184045)  [/home/lishuwei/easy_log/easy_log/app/test.cpp][main][10]:HAHHAHFHAH  
[ERROR] 2021-07-22 13:28:31,827(186045)  [/home/lishuwei/easy_log/easy_log/app/test.cpp][main][9]:lsw  
[INFO ] 2021-07-22 13:28:31,827(186045)  [/home/lishuwei/easy_log/easy_log/app/test.cpp][main][10]:HAHHAHFHAH  
[ERROR] 2021-07-22 13:28:33,827(188046)  [/home/lishuwei/easy_log/easy_log/app/test.cpp][main][9]:lsw  
[INFO ] 2021-07-22 13:28:33,827(188046)  [/home/lishuwei/easy_log/easy_log/app/test.cpp][main][10]:HAHHAHFHAH  
[ERROR] 2021-07-22 13:28:35,828(190046)  [/home/lishuwei/easy_log/easy_log/app/test.cpp][main][9]:lsw  
[INFO ] 2021-07-22 13:28:35,828(190047)  [/home/lishuwei/easy_log/easy_log/app/test.cpp][main][10]:HAHHAHFHAH  
[ERROR] 2021-07-22 13:28:37,828(192047)  [/home/lishuwei/easy_log/easy_log/app/test.cpp][main][9]:lsw  
[INFO ] 2021-07-22 13:28:37,828(192047)  [/home/lishuwei/easy_log/easy_log/app/test.cpp][main][10]:HAHHAHFHAH  
[ERROR] 2021-07-22 13:28:39,829(194047)  [/home/lishuwei/easy_log/easy_log/app/test.cpp][main][9]:lsw  
[INFO ] 2021-07-22 13:28:39,829(194047)  [/home/lishuwei/easy_log/easy_log/app/test.cpp][main][10]:HAHHAHFHAH  
[ERROR] 2021-07-22 13:28:41,829(196048)  [/home/lishuwei/easy_log/easy_log/app/test.cpp][main][9]:lsw  
[INFO ] 2021-07-22 13:28:41,829(196048)  [/home/lishuwei/easy_log/easy_log/app/test.cpp][main][10]:HAHHAHFHAH  
[ERROR] 2021-07-22 13:28:43,830(198048)  [/home/lishuwei/easy_log/easy_log/app/test.cpp][main][9]:lsw  
[INFO ] 2021-07-22 13:28:43,830(198049)  [/home/lishuwei/easy_log/easy_log/app/test.cpp][main][10]:HAHHAHFHAH  
[ERROR] 2021-07-22 13:28:45,830(200049)  [/home/lishuwei/easy_log/easy_log/app/test.cpp][main][9]:lsw  
[INFO ] 2021-07-22 13:28:45,830(200049)  [/home/lishuwei/easy_log/easy_log/app/test.cpp][main][10]:HAHHAHFHAH  
[ERROR] 2021-07-22 13:28:47,830(202049)  [/home/lishuwei/easy_log/easy_log/app/test.cpp][main][9]:lsw  
[INFO ] 2021-07-22 13:28:47,830(202049)  [/home/lishuwei/easy_log/easy_log/app/test.cpp][main][10]:HAHHAHFHAH  
[ERROR] 2021-07-22 13:28:49,831(204049)  [/home/lishuwei/easy_log/easy_log/app/test.cpp][main][9]:lsw  
[INFO ] 2021-07-22 13:28:49,831(204049)  [/home/lishuwei/easy_log/easy_log/app/test.cpp][main][10]:HAHHAHFHAH  
[ERROR] 2021-07-22 13:28:51,831(206050)  [/home/lishuwei/easy_log/easy_log/app/test.cpp][main][9]:lsw  
[INFO ] 2021-07-22 13:28:51,831(206050)  [/home/lishuwei/easy_log/easy_log/app/test.cpp][main][10]:HAHHAHFHAH  
[ERROR] 2021-07-22 13:28:53,831(208050)  [/home/lishuwei/easy_log/easy_log/app/test.cpp][main][9]:lsw  
[INFO ] 2021-07-22 13:28:53,832(208050)  [/home/lishuwei/easy_log/easy_log/app/test.cpp][main][10]:HAHHAHFHAH  
[ERROR] 2021-07-22 13:28:55,832(210051)  [/home/lishuwei/easy_log/easy_log/app/test.cpp][main][9]:lsw  
[INFO ] 2021-07-22 13:28:55,832(210051)  [/home/lishuwei/easy_log/easy_log/app/test.cpp][main][10]:HAHHAHFHAH  
[ERROR] 2021-07-22 13:28:57,833(212051)  [/home/lishuwei/easy_log/easy_log/app/test.cpp][main][9]:lsw  
[INFO ] 2021-07-22 13:28:57,833(212052)  [/home/lishuwei/easy_log/easy_log/app/test.cpp][main][10]:HAHHAHFHAH  
[ERROR] 2021-07-22 13:28:59,833(214052)  [/home/lishuwei/easy_log/easy_log/app/test.cpp][main][9]:lsw  
[INFO ] 2021-07-22 13:28:59,833(214052)  [/home/lishuwei/easy_log/easy_log/app/test.cpp][main][10]:HAHHAHFHAH  
[ERROR] 2021-07-22 13:29:01,834(216053)  [/home/lishuwei/easy_log/easy_log/app/test.cpp][main][9]:lsw  
[INFO ] 2021-07-22 13:29:01,834(216053)  [/home/lishuwei/easy_log/easy_log/app/test.cpp][main][10]:HAHHAHFHAH  
[ERROR] 2021-07-22 13:29:03,835(218053)  [/home/lishuwei/easy_log/easy_log/app/test.cpp][main][9]:lsw  
[INFO ] 2021-07-22 13:29:03,835(218054)  [/home/lishuwei/easy_log/easy_log/app/test.cpp][main][10]:HAHHAHFHAH  
[ERROR] 2021-07-22 13:29:05,835(220054)  [/home/lishuwei/easy_log/easy_log/app/test.cpp][main][9]:lsw  
[INFO ] 2021-07-22 13:29:05,835(220054)  [/home/lishuwei/easy_log/easy_log/app/test.cpp][main][10]:HAHHAHFHAH  
[ERROR] 2021-07-22 13:29:07,836(222054)  [/home/lishuwei/easy_log/easy_log/app/test.cpp][main][9]:lsw  
[INFO ] 2021-07-22 13:29:07,836(222055)  [/home/lishuwei/easy_log/easy_log/app/test.cpp][main][10]:HAHHAHFHAH  
[ERROR] 2021-07-22 13:29:09,837(224055)  [/home/lishuwei/easy_log/easy_log/app/test.cpp][main][9]:lsw  
[INFO ] 2021-07-22 13:29:09,837(224055)  [/home/lishuwei/easy_log/easy_log/app/test.cpp][main][10]:HAHHAHFHAH  
[ERROR] 2021-07-22 13:29:11,837(226056)  [/home/lishuwei/easy_log/easy_log/app/test.cpp][main][9]:lsw  
[INFO ] 2021-07-22 13:29:11,837(226056)  [/home/lishuwei/easy_log/easy_log/app/test.cpp][main][10]:HAHHAHFHAH  
[ERROR] 2021-07-22 13:29:13,837(228056)  [/home/lishuwei/easy_log/easy_log/app/test.cpp][main][9]:lsw  
[INFO ] 2021-07-22 13:29:13,837(228056)  [/home/lishuwei/easy_log/easy_log/app/test.cpp][main][10]:HAHHAHFHAH  
[ERROR] 2021-07-22 13:29:15,838(230057)  [/home/lishuwei/easy_log/easy_log/app/test.cpp][main][9]:lsw  
[INFO ] 2021-07-22 13:29:15,838(230057)  [/home/lishuwei/easy_log/easy_log/app/test.cpp][main][10]:HAHHAHFHAH  
[ERROR] 2021-07-22 13:29:17,838(232057)  [/home/lishuwei/easy_log/easy_log/app/test.cpp][main][9]:lsw  
[INFO ] 2021-07-22 13:29:17,839(232057)  [/home/lishuwei/easy_log/easy_log/app/test.cpp][main][10]:HAHHAHFHAH  
[ERROR] 2021-07-22 13:29:19,839(234058)  [/home/lishuwei/easy_log/easy_log/app/test.cpp][main][9]:lsw  
[INFO ] 2021-07-22 13:29:19,839(234058)  [/home/lishuwei/easy_log/easy_log/app/test.cpp][main][10]:HAHHAHFHAH  
[ERROR] 2021-07-22 13:29:21,840(236058)  [/home/lishuwei/easy_log/easy_log/app/test.cpp][main][9]:lsw  
[INFO ] 2021-07-22 13:29:21,840(236059)  [/home/lishuwei/easy_log/easy_log/app/test.cpp][main][10]:HAHHAHFHAH  
[ERROR] 2021-07-22 13:29:23,840(238059)  [/home/lishuwei/easy_log/easy_log/app/test.cpp][main][9]:lsw  
[INFO ] 2021-07-22 13:29:23,840(238059)  [/home/lishuwei/easy_log/easy_log/app/test.cpp][main][10]:HAHHAHFHAH  
[ERROR] 2021-07-22 13:29:25,841(240059)  [/home/lishuwei/easy_log/easy_log/app/test.cpp][main][9]:lsw  
[INFO ] 2021-07-22 13:29:25,841(240060)  [/home/lishuwei/easy_log/easy_log/app/test.cpp][main][10]:HAHHAHFHAH  
[ERROR] 2021-07-22 13:29:27,842(242060)  [/home/lishuwei/easy_log/easy_log/app/test.cpp][main][9]:lsw  
[INFO ] 2021-07-22 13:29:27,842(242060)  [/home/lishuwei/easy_log/easy_log/app/test.cpp][main][10]:HAHHAHFHAH  
[ERROR] 2021-07-22 13:29:29,842(244061)  [/home/lishuwei/easy_log/easy_log/app/test.cpp][main][9]:lsw  
[INFO ] 2021-07-22 13:29:29,842(244061)  [/home/lishuwei/easy_log/easy_log/app/test.cpp][main][10]:HAHHAHFHAH  
[ERROR] 2021-07-22 13:29:31,843(246061)  [/home/lishuwei/easy_log/easy_log/app/test.cpp][main][9]:lsw  
[INFO ] 2021-07-22 13:29:31,843(246061)  [/home/lishuwei/easy_log/easy_log/app/test.cpp][main][10]:HAHHAHFHAH  
[ERROR] 2021-07-22 13:29:33,843(248062)  [/home/lishuwei/easy_log/easy_log/app/test.cpp][main][9]:lsw  
[INFO ] 2021-07-22 13:29:33,843(248062)  [/home/lishuwei/easy_log/easy_log/app/test.cpp][main][10]:HAHHAHFHAH  
[ERROR] 2021-07-22 13:29:35,844(250062)  [/home/lishuwei/easy_log/easy_log/app/test.cpp][main][9]:lsw  
[INFO ] 2021-07-22 13:29:35,844(250063)  [/home/lishuwei/easy_log/easy_log/app/test.cpp][main][10]:HAHHAHFHAH  
[ERROR] 2021-07-22 13:29:37,844(252063)  [/home/lishuwei/easy_log/easy_log/app/test.cpp][main][9]:lsw  
[INFO ] 2021-07-22 13:29:37,845(252063)  [/home/lishuwei/easy_log/easy_log/app/test.cpp][main][10]:HAHHAHFHAH  
[ERROR] 2021-07-22 13:29:39,845(254064)  [/home/lishuwei/easy_log/easy_log/app/test.cpp][main][9]:lsw  
[INFO ] 2021-07-22 13:29:39,845(254064)  [/home/lishuwei/easy_log/easy_log/app/test.cpp][main][10]:HAHHAHFHAH  
[ERROR] 2021-07-22 13:29:41,845(256064)  [/home/lishuwei/easy_log/easy_log/app/test.cpp][main][9]:lsw  
[INFO ] 2021-07-22 13:29:41,846(256064)  [/home/lishuwei/easy_log/easy_log/app/test.cpp][main][10]:HAHHAHFHAH  
[ERROR] 2021-07-22 13:29:43,846(258064)  [/home/lishuwei/easy_log/easy_log/app/test.cpp][main][9]:lsw  
[INFO ] 2021-07-22 13:29:43,846(258064)  [/home/lishuwei/easy_log/easy_log/app/test.cpp][main][10]:HAHHAHFHAH  
[ERROR] 2021-07-22 13:29:45,846(260065)  [/home/lishuwei/easy_log/easy_log/app/test.cpp][main][9]:lsw  
[INFO ] 2021-07-22 13:29:45,846(260065)  [/home/lishuwei/easy_log/easy_log/app/test.cpp][main][10]:HAHHAHFHAH  
[ERROR] 2021-07-22 13:29:47,846(262065)  [/home/lishuwei/easy_log/easy_log/app/test.cpp][main][9]:lsw  
[INFO ] 2021-07-22 13:29:47,847(262065)  [/home/lishuwei/easy_log/easy_log/app/test.cpp][main][10]:HAHHAHFHAH  
[ERROR] 2021-07-22 13:29:49,847(264065)  [/home/lishuwei/easy_log/easy_log/app/test.cpp][main][9]:lsw  
[INFO ] 2021-07-22 13:29:49,847(264065)  [/home/lishuwei/easy_log/easy_log/app/test.cpp][main][10]:HAHHAHFHAH  
[ERROR] 2021-07-22 13:29:51,847(266066)  [/home/lishuwei/easy_log/easy_log/app/test.cpp][main][9]:lsw  
[INFO ] 2021-07-22 13:29:51,847(266066)  [/home/lishuwei/easy_log/easy_log/app/test.cpp][main][10]:HAHHAHFHAH  
[ERROR] 2021-07-22 13:29:53,848(268066)  [/home/lishuwei/easy_log/easy_log/app/test.cpp][main][9]:lsw  
[INFO ] 2021-07-22 13:29:53,848(268066)  [/home/lishuwei/easy_log/easy_log/app/test.cpp][main][10]:HAHHAHFHAH  
[ERROR] 2021-07-22 13:29:55,848(270067)  [/home/lishuwei/easy_log/easy_log/app/test.cpp][main][9]:lsw  
[INFO ] 2021-07-22 13:29:55,849(270067)  [/home/lishuwei/easy_log/easy_log/app/test.cpp][main][10]:HAHHAHFHAH  
[ERROR] 2021-07-22 13:29:57,849(272068)  [/home/lishuwei/easy_log/easy_log/app/test.cpp][main][9]:lsw  
[INFO ] 2021-07-22 13:29:57,849(272068)  [/home/lishuwei/easy_log/easy_log/app/test.cpp][main][10]:HAHHAHFHAH  
[ERROR] 2021-07-22 13:29:59,850(274069)  [/home/lishuwei/easy_log/easy_log/app/test.cpp][main][9]:lsw  
[INFO ] 2021-07-22 13:29:59,850(274069)  [/home/lishuwei/easy_log/easy_log/app/test.cpp][main][10]:HAHHAHFHAH  
[ERROR] 2021-07-22 13:30:01,850(276069)  [/home/lishuwei/easy_log/easy_log/app/test.cpp][main][9]:lsw  
[INFO ] 2021-07-22 13:30:01,851(276069)  [/home/lishuwei/easy_log/easy_log/app/test.cpp][main][10]:HAHHAHFHAH  
[ERROR] 2021-07-22 13:30:03,851(278070)  [/home/lishuwei/easy_log/easy_log/app/test.cpp][main][9]:lsw  
[INFO ] 2021-07-22 13:30:03,851(278070)  [/home/lishuwei/easy_log/easy_log/app/test.cpp][main][10]:HAHHAHFHAH  
[ERROR] 2021-07-22 13:30:05,852(280071)  [/home/lishuwei/easy_log/easy_log/app/test.cpp][main][9]:lsw  
[INFO ] 2021-07-22 13:30:05,852(280071)  [/home/lishuwei/easy_log/easy_log/app/test.cpp][main][10]:HAHHAHFHAH  
[ERROR] 2021-07-22 13:30:07,853(282071)  [/home/lishuwei/easy_log/easy_log/app/test.cpp][main][9]:lsw  
[INFO ] 2021-07-22 13:30:07,853(282072)  [/home/lishuwei/easy_log/easy_log/app/test.cpp][main][10]:HAHHAHFHAH  
[ERROR] 2021-07-22 13:30:09,853(284072)  [/home/lishuwei/easy_log/easy_log/app/test.cpp][main][9]:lsw  
[INFO ] 2021-07-22 13:30:09,854(284072)  [/home/lishuwei/easy_log/easy_log/app/test.cpp][main][10]:HAHHAHFHAH  
[ERROR] 2021-07-22 13:30:11,854(286072)  [/home/lishuwei/easy_log/easy_log/app/test.cpp][main][9]:lsw  
[INFO ] 2021-07-22 13:30:11,854(286073)  [/home/lishuwei/easy_log/easy_log/app/test.cpp][main][10]:HAHHAHFHAH  
[ERROR] 2021-07-22 13:30:13,854(288073)  [/home/lishuwei/easy_log/easy_log/app/test.cpp][main][9]:lsw  
[INFO ] 2021-07-22 13:30:13,854(288073)  [/home/lishuwei/easy_log/easy_log/app/test.cpp][main][10]:HAHHAHFHAH  
[ERROR] 2021-07-22 13:30:15,854(290073)  [/home/lishuwei/easy_log/easy_log/app/test.cpp][main][9]:lsw  
[INFO ] 2021-07-22 13:30:15,854(290073)  [/home/lishuwei/easy_log/easy_log/app/test.cpp][main][10]:HAHHAHFHAH  
[ERROR] 2021-07-22 13:30:17,855(292073)  [/home/lishuwei/easy_log/easy_log/app/test.cpp][main][9]:lsw  
[INFO ] 2021-07-22 13:30:17,855(292073)  [/home/lishuwei/easy_log/easy_log/app/test.cpp][main][10]:HAHHAHFHAH  
[ERROR] 2021-07-22 13:30:19,855(294074)  [/home/lishuwei/easy_log/easy_log/app/test.cpp][main][9]:lsw  
[INFO ] 2021-07-22 13:30:19,855(294074)  [/home/lishuwei/easy_log/easy_log/app/test.cpp][main][10]:HAHHAHFHAH  
[ERROR] 2021-07-22 13:30:21,855(296074)  [/home/lishuwei/easy_log/easy_log/app/test.cpp][main][9]:lsw  
[INFO ] 2021-07-22 13:30:21,855(296074)  [/home/lishuwei/easy_log/easy_log/app/test.cpp][main][10]:HAHHAHFHAH  
[ERROR] 2021-07-22 13:30:23,856(298074)  [/home/lishuwei/easy_log/easy_log/app/test.cpp][main][9]:lsw  
[INFO ] 2021-07-22 13:30:23,856(298074)  [/home/lishuwei/easy_log/easy_log/app/test.cpp][main][10]:HAHHAHFHAH  
[ERROR] 2021-07-22 13:30:25,856(300075)  [/home/lishuwei/easy_log/easy_log/app/test.cpp][main][9]:lsw  
[INFO ] 2021-07-22 13:30:25,856(300075)  [/home/lishuwei/easy_log/easy_log/app/test.cpp][main][10]:HAHHAHFHAH  
[ERROR] 2021-07-22 13:30:27,857(302076)  [/home/lishuwei/easy_log/easy_log/app/test.cpp][main][9]:lsw  
[INFO ] 2021-07-22 13:30:27,857(302076)  [/home/lishuwei/easy_log/easy_log/app/test.cpp][main][10]:HAHHAHFHAH  
[ERROR] 2021-07-22 13:30:29,858(304076)  [/home/lishuwei/easy_log/easy_log/app/test.cpp][main][9]:lsw  
[INFO ] 2021-07-22 13:30:29,858(304076)  [/home/lishuwei/easy_log/easy_log/app/test.cpp][main][10]:HAHHAHFHAH  
[ERROR] 2021-07-22 13:30:31,858(306077)  [/home/lishuwei/easy_log/easy_log/app/test.cpp][main][9]:lsw  
[INFO ] 2021-07-22 13:30:31,858(306077)  [/home/lishuwei/easy_log/easy_log/app/test.cpp][main][10]:HAHHAHFHAH  
[ERROR] 2021-07-22 13:30:33,858(308077)  [/home/lishuwei/easy_log/easy_log/app/test.cpp][main][9]:lsw  
[INFO ] 2021-07-22 13:30:33,858(308077)  [/home/lishuwei/easy_log/easy_log/app/test.cpp][main][10]:HAHHAHFHAH  
[ERROR] 2021-07-22 13:30:35,859(310077)  [/home/lishuwei/easy_log/easy_log/app/test.cpp][main][9]:lsw  
[INFO ] 2021-07-22 13:30:35,859(310077)  [/home/lishuwei/easy_log/easy_log/app/test.cpp][main][10]:HAHHAHFHAH  
[ERROR] 2021-07-22 13:30:37,859(312078)  [/home/lishuwei/easy_log/easy_log/app/test.cpp][main][9]:lsw  
[INFO ] 2021-07-22 13:30:37,859(312078)  [/home/lishuwei/easy_log/easy_log/app/test.cpp][main][10]:HAHHAHFHAH  
[ERROR] 2021-07-22 13:30:39,860(314078)  [/home/lishuwei/easy_log/easy_log/app/test.cpp][main][9]:lsw  
[INFO ] 2021-07-22 13:30:39,860(314078)  [/home/lishuwei/easy_log/easy_log/app/test.cpp][main][10]:HAHHAHFHAH  
[ERROR] 2021-07-22 13:30:41,860(316079)  [/home/lishuwei/easy_log/easy_log/app/test.cpp][main][9]:lsw  
[INFO ] 2021-07-22 13:30:41,860(316079)  [/home/lishuwei/easy_log/easy_log/app/test.cpp][main][10]:HAHHAHFHAH  
[ERROR] 2021-07-22 13:30:43,861(318080)  [/home/lishuwei/easy_log/easy_log/app/test.cpp][main][9]:lsw  
[INFO ] 2021-07-22 13:30:43,861(318080)  [/home/lishuwei/easy_log/easy_log/app/test.cpp][main][10]:HAHHAHFHAH  
[ERROR] 2021-07-22 13:30:45,862(320080)  [/home/lishuwei/easy_log/easy_log/app/test.cpp][main][9]:lsw  
[INFO ] 2021-07-22 13:30:45,862(320081)  [/home/lishuwei/easy_log/easy_log/app/test.cpp][main][10]:HAHHAHFHAH  
[ERROR] 2021-07-22 13:30:47,862(322081)  [/home/lishuwei/easy_log/easy_log/app/test.cpp][main][9]:lsw  
[INFO ] 2021-07-22 13:30:47,862(322081)  [/home/lishuwei/easy_log/easy_log/app/test.cpp][main][10]:HAHHAHFHAH  
[ERROR] 2021-07-22 13:30:49,862(324081)  [/home/lishuwei/easy_log/easy_log/app/test.cpp][main][9]:lsw  
[INFO ] 2021-07-22 13:30:49,863(324081)  [/home/lishuwei/easy_log/easy_log/app/test.cpp][main][10]:HAHHAHFHAH  
[ERROR] 2021-07-22 13:30:51,863(326081)  [/home/lishuwei/easy_log/easy_log/app/test.cpp][main][9]:lsw  
[INFO ] 2021-07-22 13:30:51,863(326082)  [/home/lishuwei/easy_log/easy_log/app/test.cpp][main][10]:HAHHAHFHAH  
[ERROR] 2021-07-22 13:30:53,863(328082)  [/home/lishuwei/easy_log/easy_log/app/test.cpp][main][9]:lsw  
[INFO ] 2021-07-22 13:30:53,864(328082)  [/home/lishuwei/easy_log/easy_log/app/test.cpp][main][10]:HAHHAHFHAH  
[ERROR] 2021-07-22 13:30:55,864(330082)  [/home/lishuwei/easy_log/easy_log/app/test.cpp][main][9]:lsw  
[INFO ] 2021-07-22 13:30:55,864(330083)  [/home/lishuwei/easy_log/easy_log/app/test.cpp][main][10]:HAHHAHFHAH  
[ERROR] 2021-07-22 13:30:57,864(332083)  [/home/lishuwei/easy_log/easy_log/app/test.cpp][main][9]:lsw  
[INFO ] 2021-07-22 13:30:57,865(332083)  [/home/lishuwei/easy_log/easy_log/app/test.cpp][main][10]:HAHHAHFHAH  
[ERROR] 2021-07-22 13:30:59,865(334084)  [/home/lishuwei/easy_log/easy_log/app/test.cpp][main][9]:lsw  
[INFO ] 2021-07-22 13:30:59,865(334084)  [/home/lishuwei/easy_log/easy_log/app/test.cpp][main][10]:HAHHAHFHAH  
[ERROR] 2021-07-22 13:31:01,866(336085)  [/home/lishuwei/easy_log/easy_log/app/test.cpp][main][9]:lsw  
[INFO ] 2021-07-22 13:31:01,866(336085)  [/home/lishuwei/easy_log/easy_log/app/test.cpp][main][10]:HAHHAHFHAH  
[ERROR] 2021-07-22 13:31:03,866(338085)  [/home/lishuwei/easy_log/easy_log/app/test.cpp][main][9]:lsw  
[INFO ] 2021-07-22 13:31:03,866(338085)  [/home/lishuwei/easy_log/easy_log/app/test.cpp][main][10]:HAHHAHFHAH  
[ERROR] 2021-07-22 13:31:05,867(340085)  [/home/lishuwei/easy_log/easy_log/app/test.cpp][main][9]:lsw  
[INFO ] 2021-07-22 13:31:05,867(340085)  [/home/lishuwei/easy_log/easy_log/app/test.cpp][main][10]:HAHHAHFHAH  
[ERROR] 2021-07-22 13:31:07,867(342086)  [/home/lishuwei/easy_log/easy_log/app/test.cpp][main][9]:lsw  
[INFO ] 2021-07-22 13:31:07,867(342086)  [/home/lishuwei/easy_log/easy_log/app/test.cpp][main][10]:HAHHAHFHAH  
[ERROR] 2021-07-22 13:31:09,868(344086)  [/home/lishuwei/easy_log/easy_log/app/test.cpp][main][9]:lsw  
[INFO ] 2021-07-22 13:31:09,868(344086)  [/home/lishuwei/easy_log/easy_log/app/test.cpp][main][10]:HAHHAHFHAH  
[ERROR] 2021-07-22 13:31:11,868(346087)  [/home/lishuwei/easy_log/easy_log/app/test.cpp][main][9]:lsw  
[INFO ] 2021-07-22 13:31:11,868(346087)  [/home/lishuwei/easy_log/easy_log/app/test.cpp][main][10]:HAHHAHFHAH  
[ERROR] 2021-07-22 13:31:13,868(348087)  [/home/lishuwei/easy_log/easy_log/app/test.cpp][main][9]:lsw  
[INFO ] 2021-07-22 13:31:13,868(348087)  [/home/lishuwei/easy_log/easy_log/app/test.cpp][main][10]:HAHHAHFHAH  
[ERROR] 2021-07-22 13:31:15,869(350087)  [/home/lishuwei/easy_log/easy_log/app/test.cpp][main][9]:lsw  
[INFO ] 2021-07-22 13:31:15,869(350087)  [/home/lishuwei/easy_log/easy_log/app/test.cpp][main][10]:HAHHAHFHAH  
[ERROR] 2021-07-22 13:31:17,869(352087)  [/home/lishuwei/easy_log/easy_log/app/test.cpp][main][9]:lsw  
[INFO ] 2021-07-22 13:31:17,869(352088)  [/home/lishuwei/easy_log/easy_log/app/test.cpp][main][10]:HAHHAHFHAH  
[ERROR] 2021-07-22 13:31:19,869(354088)  [/home/lishuwei/easy_log/easy_log/app/test.cpp][main][9]:lsw  
[INFO ] 2021-07-22 13:31:19,869(354088)  [/home/lishuwei/easy_log/easy_log/app/test.cpp][main][10]:HAHHAHFHAH  
[ERROR] 2021-07-22 13:31:21,869(356088)  [/home/lishuwei/easy_log/easy_log/app/test.cpp][main][9]:lsw  
[INFO ] 2021-07-22 13:31:21,870(356088)  [/home/lishuwei/easy_log/easy_log/app/test.cpp][main][10]:HAHHAHFHAH  
[ERROR] 2021-07-22 13:31:23,870(358088)  [/home/lishuwei/easy_log/easy_log/app/test.cpp][main][9]:lsw  
[INFO ] 2021-07-22 13:31:23,870(358089)  [/home/lishuwei/easy_log/easy_log/app/test.cpp][main][10]:HAHHAHFHAH  
[ERROR] 2021-07-22 13:31:25,870(360089)  [/home/lishuwei/easy_log/easy_log/app/test.cpp][main][9]:lsw  
[INFO ] 2021-07-22 13:31:25,870(360089)  [/home/lishuwei/easy_log/easy_log/app/test.cpp][main][10]:HAHHAHFHAH  
[ERROR] 2021-07-22 13:31:27,870(362089)  [/home/lishuwei/easy_log/easy_log/app/test.cpp][main][9]:lsw  
[INFO ] 2021-07-22 13:31:27,871(362089)  [/home/lishuwei/easy_log/easy_log/app/test.cpp][main][10]:HAHHAHFHAH  
[ERROR] 2021-07-22 13:31:29,871(364089)  [/home/lishuwei/easy_log/easy_log/app/test.cpp][main][9]:lsw  
[INFO ] 2021-07-22 13:31:29,871(364089)  [/home/lishuwei/easy_log/easy_log/app/test.cpp][main][10]:HAHHAHFHAH  
[ERROR] 2021-07-22 13:31:31,871(366090)  [/home/lishuwei/easy_log/easy_log/app/test.cpp][main][9]:lsw  
[INFO ] 2021-07-22 13:31:31,871(366090)  [/home/lishuwei/easy_log/easy_log/app/test.cpp][main][10]:HAHHAHFHAH  
[ERROR] 2021-07-22 13:31:33,871(368090)  [/home/lishuwei/easy_log/easy_log/app/test.cpp][main][9]:lsw  
[INFO ] 2021-07-22 13:31:33,871(368090)  [/home/lishuwei/easy_log/easy_log/app/test.cpp][main][10]:HAHHAHFHAH  
[ERROR] 2021-07-22 13:31:35,872(370090)  [/home/lishuwei/easy_log/easy_log/app/test.cpp][main][9]:lsw  
[INFO ] 2021-07-22 13:31:35,872(370091)  [/home/lishuwei/easy_log/easy_log/app/test.cpp][main][10]:HAHHAHFHAH  
[ERROR] 2021-07-22 13:31:37,873(372091)  [/home/lishuwei/easy_log/easy_log/app/test.cpp][main][9]:lsw  
[INFO ] 2021-07-22 13:31:37,873(372091)  [/home/lishuwei/easy_log/easy_log/app/test.cpp][main][10]:HAHHAHFHAH  
[ERROR] 2021-07-22 13:31:39,873(374091)  [/home/lishuwei/easy_log/easy_log/app/test.cpp][main][9]:lsw  
[INFO ] 2021-07-22 13:31:39,873(374092)  [/home/lishuwei/easy_log/easy_log/app/test.cpp][main][10]:HAHHAHFHAH  
[ERROR] 2021-07-22 13:31:41,874(376092)  [/home/lishuwei/easy_log/easy_log/app/test.cpp][main][9]:lsw  
[INFO ] 2021-07-22 13:31:41,874(376092)  [/home/lishuwei/easy_log/easy_log/app/test.cpp][main][10]:HAHHAHFHAH  
[ERROR] 2021-07-22 13:31:43,874(378093)  [/home/lishuwei/easy_log/easy_log/app/test.cpp][main][9]:lsw  
[INFO ] 2021-07-22 13:31:43,874(378093)  [/home/lishuwei/easy_log/easy_log/app/test.cpp][main][10]:HAHHAHFHAH  
[ERROR] 2021-07-22 13:31:45,874(380093)  [/home/lishuwei/easy_log/easy_log/app/test.cpp][main][9]:lsw  
[INFO ] 2021-07-22 13:31:45,874(380093)  [/home/lishuwei/easy_log/easy_log/app/test.cpp][main][10]:HAHHAHFHAH  
[ERROR] 2021-07-22 13:31:47,874(382093)  [/home/lishuwei/easy_log/easy_log/app/test.cpp][main][9]:lsw  
[INFO ] 2021-07-22 13:31:47,874(382093)  [/home/lishuwei/easy_log/easy_log/app/test.cpp][main][10]:HAHHAHFHAH  
[ERROR] 2021-07-22 13:31:49,875(384093)  [/home/lishuwei/easy_log/easy_log/app/test.cpp][main][9]:lsw  
[INFO ] 2021-07-22 13:31:49,875(384094)  [/home/lishuwei/easy_log/easy_log/app/test.cpp][main][10]:HAHHAHFHAH  
